# JRE version: OpenJDK Runtime Environment (21.0.2+13) (build 21.0.2+13-58)
# Java VM: OpenJDK 64-Bit Server VM (21.0.2+13-58, mixed mode, sharing, tiered, compressed oops, compressed class ptrs, g1 gc, windows-amd64)
GC Precious Log:
 CardTable entry size: 512
 Card Set container configuration: InlinePtr #cards 4 size 8 Array Of Cards #cards 16 size 48 Howl #buckets 8 coarsen threshold 3686 Howl Bitmap #cards 512 size 80 coarsen threshold 460 Card regions per heap region 1 cards per card region 4096
 CPUs: 8 total, 8 available
 Memory: 16305M
 Large Page Support: Disabled
 NUMA Support: Disabled
 Compressed Oops: Enabled (Zero based)
 Heap Region Size: 2M
 Heap Min Capacity: 8M
 Heap Initial Capacity: 256M
 Heap Max Capacity: 4078M
 Pre-touch: Disabled
 Parallel Workers: 8
 Concurrent Workers: 2
 Concurrent Refinement Workers: 8
 Periodic GC: Disabled
Heap:
 garbage-first heap   total 61440K, used 41670K [0x0000000701200000, 0x0000000800000000)
  region size 2048K, 9 young (18432K), 2 survivors (4096K)
 Metaspace       used 71619K, committed 72320K, reserved 1114112K
  class space    used 9627K, committed 9920K, reserved 1048576K
GC Heap History (20 events):
Event: 1.624 GC heap before
{Heap before GC invocations=2 (full 0):
 garbage-first heap   total 262144K, used 49994K [0x0000000701200000, 0x0000000800000000)
  region size 2048K, 23 young (47104K), 2 survivors (4096K)
 Metaspace       used 21142K, committed 21504K, reserved 1114112K
  class space    used 2706K, committed 2880K, reserved 1048576K
}
Event: 1.628 GC heap after
{Heap after GC invocations=3 (full 0):
 garbage-first heap   total 262144K, used 12443K [0x0000000701200000, 0x0000000800000000)
  region size 2048K, 3 young (6144K), 3 survivors (6144K)
 Metaspace       used 21142K, committed 21504K, reserved 1114112K
  class space    used 2706K, committed 2880K, reserved 1048576K
}
Event: 2.244 GC heap before
{Heap before GC invocations=4 (full 0):
 garbage-first heap   total 61440K, used 43163K [0x0000000701200000, 0x0000000800000000)
  region size 2048K, 18 young (36864K), 3 survivors (6144K)
 Metaspace       used 25096K, committed 25536K, reserved 1114112K
  class space    used 3199K, committed 3392K, reserved 1048576K
}
Event: 2.252 GC heap after
{Heap after GC invocations=5 (full 0):
 garbage-first heap   total 61440K, used 15421K [0x0000000701200000, 0x0000000800000000)
  region size 2048K, 2 young (4096K), 2 survivors (4096K)
 Metaspace       used 25096K, committed 25536K, reserved 1114112K
  class space    used 3199K, committed 3392K, reserved 1048576K
}
Event: 2.991 GC heap before
{Heap before GC invocations=5 (full 0):
 garbage-first heap   total 61440K, used 44093K [0x0000000701200000, 0x0000000800000000)
  region size 2048K, 16 young (32768K), 2 survivors (4096K)
 Metaspace       used 30755K, committed 31232K, reserved 1114112K
  class space    used 3989K, committed 4160K, reserved 1048576K
}
Event: 2.997 GC heap after
{Heap after GC invocations=6 (full 0):
 garbage-first heap   total 61440K, used 17977K [0x0000000701200000, 0x0000000800000000)
  region size 2048K, 2 young (4096K), 2 survivors (4096K)
 Metaspace       used 30755K, committed 31232K, reserved 1114112K
  class space    used 3989K, committed 4160K, reserved 1048576K
}
Event: 3.594 GC heap before
{Heap before GC invocations=6 (full 0):
 garbage-first heap   total 61440K, used 42553K [0x0000000701200000, 0x0000000800000000)
  region size 2048K, 15 young (30720K), 2 survivors (4096K)
 Metaspace       used 35574K, committed 36096K, reserved 1114112K
  class space    used 4572K, committed 4800K, reserved 1048576K
}
Event: 3.599 GC heap after
{Heap after GC invocations=7 (full 0):
 garbage-first heap   total 61440K, used 20409K [0x0000000701200000, 0x0000000800000000)
  region size 2048K, 2 young (4096K), 2 survivors (4096K)
 Metaspace       used 35574K, committed 36096K, reserved 1114112K
  class space    used 4572K, committed 4800K, reserved 1048576K
}
Event: 4.204 GC heap before
{Heap before GC invocations=8 (full 0):
 garbage-first heap   total 61440K, used 44985K [0x0000000701200000, 0x0000000800000000)
  region size 2048K, 15 young (30720K), 2 survivors (4096K)
 Metaspace       used 42697K, committed 43200K, reserved 1114112K
  class space    used 5653K, committed 5888K, reserved 1048576K
}
Event: 4.208 GC heap after
{Heap after GC invocations=9 (full 0):
 garbage-first heap   total 61440K, used 22039K [0x0000000701200000, 0x0000000800000000)
  region size 2048K, 1 young (2048K), 1 survivors (2048K)
 Metaspace       used 42697K, committed 43200K, reserved 1114112K
  class space    used 5653K, committed 5888K, reserved 1048576K
}
Event: 4.793 GC heap before
{Heap before GC invocations=9 (full 0):
 garbage-first heap   total 61440K, used 48663K [0x0000000701200000, 0x0000000800000000)
  region size 2048K, 15 young (30720K), 1 survivors (2048K)
 Metaspace       used 50738K, committed 51392K, reserved 1114112K
  class space    used 6622K, committed 6912K, reserved 1048576K
}
Event: 4.795 GC heap after
{Heap after GC invocations=10 (full 0):
 garbage-first heap   total 61440K, used 24159K [0x0000000701200000, 0x0000000800000000)
  region size 2048K, 2 young (4096K), 2 survivors (4096K)
 Metaspace       used 50738K, committed 51392K, reserved 1114112K
  class space    used 6622K, committed 6912K, reserved 1048576K
}
Event: 5.455 GC heap before
{Heap before GC invocations=10 (full 0):
 garbage-first heap   total 61440K, used 50783K [0x0000000701200000, 0x0000000800000000)
  region size 2048K, 15 young (30720K), 2 survivors (4096K)
 Metaspace       used 58765K, committed 59328K, reserved 1114112K
  class space    used 7863K, committed 8128K, reserved 1048576K
}
Event: 5.460 GC heap after
{Heap after GC invocations=11 (full 0):
 garbage-first heap   total 61440K, used 25270K [0x0000000701200000, 0x0000000800000000)
  region size 2048K, 2 young (4096K), 2 survivors (4096K)
 Metaspace       used 58765K, committed 59328K, reserved 1114112K
  class space    used 7863K, committed 8128K, reserved 1048576K
}
Event: 5.596 GC heap before
{Heap before GC invocations=11 (full 0):
 garbage-first heap   total 61440K, used 31414K [0x0000000701200000, 0x0000000800000000)
  region size 2048K, 6 young (12288K), 2 survivors (4096K)
 Metaspace       used 60014K, committed 60608K, reserved 1114112K
  class space    used 8017K, committed 8320K, reserved 1048576K
}
Event: 5.599 GC heap after
{Heap after GC invocations=12 (full 0):
 garbage-first heap   total 61440K, used 25658K [0x0000000701200000, 0x0000000800000000)
  region size 2048K, 1 young (2048K), 1 survivors (2048K)
 Metaspace       used 60014K, committed 60608K, reserved 1114112K
  class space    used 8017K, committed 8320K, reserved 1048576K
}
Event: 6.061 GC heap before
{Heap before GC invocations=13 (full 0):
 garbage-first heap   total 61440K, used 50234K [0x0000000701200000, 0x0000000800000000)
  region size 2048K, 14 young (28672K), 1 survivors (2048K)
 Metaspace       used 64458K, committed 65152K, reserved 1114112K
  class space    used 8712K, committed 9024K, reserved 1048576K
}
Event: 6.064 GC heap after
{Heap after GC invocations=14 (full 0):
 garbage-first heap   total 61440K, used 27465K [0x0000000701200000, 0x0000000800000000)
  region size 2048K, 2 young (4096K), 2 survivors (4096K)
 Metaspace       used 64458K, committed 65152K, reserved 1114112K
  class space    used 8712K, committed 9024K, reserved 1048576K
}
Event: 6.617 GC heap before
{Heap before GC invocations=14 (full 0):
 garbage-first heap   total 61440K, used 52041K [0x0000000701200000, 0x0000000800000000)
  region size 2048K, 14 young (28672K), 2 survivors (4096K)
 Metaspace       used 69477K, committed 70144K, reserved 1114112K
  class space    used 9335K, committed 9600K, reserved 1048576K
}
Event: 6.624 GC heap after
{Heap after GC invocations=15 (full 0):
 garbage-first heap   total 61440K, used 29382K [0x0000000701200000, 0x0000000800000000)
  region size 2048K, 2 young (4096K), 2 survivors (4096K)
 Metaspace       used 69477K, committed 70144K, reserved 1114112K
  class space    used 9335K, committed 9600K, reserved 1048576K
}

